#
# There is insufficient memory for the Java Runtime Environment to continue.
# Native memory allocation (mmap) failed to map 130023424 bytes for G1 virtual space
# Possible reasons:
#   The system is out of physical RAM or swap space
#   The process is running with CompressedOops enabled, and the Java Heap may be blocking the growth of the native heap
# Possible solutions:
#   Reduce memory load on the system
#   Increase physical memory or swap space
#   Check if swap backing store is full
#   Decrease Java heap size (-Xmx/-Xms)
#   Decrease number of Java threads
#   Decrease Java thread stack sizes (-Xss)
#   Set larger code cache with -XX:ReservedCodeCacheSize=
#   JVM is running with Unscaled Compressed Oops mode in which the Java heap is
#     placed in the first 4GB address space. The Java Heap base address is the
#     maximum limit for the native heap growth. Please use -XX:HeapBaseMinAddress
#     to set the Java Heap base and to place the Java Heap above 4GB virtual address.
# This output file may be truncated or incomplete.
#
#  Out of Memory Error (os_windows.cpp:3600), pid=12028, tid=6556
#
# JRE version:  (21.0.2+13) (build )
# Java VM: Java HotSpot(TM) 64-Bit Server VM (21.0.2+13-LTS-58, mixed mode, sharing, tiered, compressed oops, compressed class ptrs, g1 gc, windows-amd64)
# No core dump will be written. Minidumps are not enabled by default on client versions of Windows
#

---------------  S U M M A R Y ------------

Command Line: -Dfile.encoding=UTF-8 --module-path=C:\Users\nadee\OneDrive\Documents\NetBeansProjects\JavaApplication1\build\classes Home

Host: 11th Gen Intel(R) Core(TM) i5-11400H @ 2.70GHz, 12 cores, 7G,  Windows 11 , 64 bit Build 22621 (10.0.22621.3085)
Time: Sun Feb 11 21:44:56 2024 Sri Lanka Standard Time elapsed time: 0.010010 seconds (0d 0h 0m 0s)

---------------  T H R E A D  ---------------

Current thread (0x0000026b9f977630):  JavaThread "Unknown thread" [_thread_in_vm, id=6556, stack(0x0000007fdfe00000,0x0000007fdff00000) (1024K)]

Stack: [0x0000007fdfe00000,0x0000007fdff00000]
Native frames: (J=compiled Java code, j=interpreted, Vv=VM code, C=native code)
V  [jvm.dll+0x6cade9]
V  [jvm.dll+0x8569c1]
V  [jvm.dll+0x858d2e]
V  [jvm.dll+0x859413]
V  [jvm.dll+0x280e56]
V  [jvm.dll+0x6c74d5]
V  [jvm.dll+0x6bbeca]
V  [jvm.dll+0x355bca]
V  [jvm.dll+0x35d816]
V  [jvm.dll+0x3ae67e]
V  [jvm.dll+0x3ae928]
V  [jvm.dll+0x3295dc]
V  [jvm.dll+0x32a16b]
V  [jvm.dll+0x81efa9]
V  [jvm.dll+0x3bba01]
V  [jvm.dll+0x807928]
V  [jvm.dll+0x44f50e]
V  [jvm.dll+0x450e11]
C  [jli.dll+0x52a3]
C  [ucrtbase.dll+0x29363]
C  [KERNEL32.DLL+0x1257d]
C  [ntdll.dll+0x5aa58]


---------------  P R O C E S S  ---------------

Threads class SMR info:
_java_thread_list=0x00007ffb1a87bb88, length=0, elements={
}

Java Threads: ( => current thread )
Total: 0

Other Threads:
  0x0000026ba1cb8050 WorkerThread "GC Thread#0"                     [id=4520, stack(0x0000007fdff00000,0x0000007fe0000000) (1024K)]
  0x0000026ba1cc87b0 ConcurrentGCThread "G1 Main Marker"            [id=16400, stack(0x0000007fe0000000,0x0000007fe0100000) (1024K)]
  0x0000026ba1cc92b0 WorkerThread "G1 Conc#0"                       [id=5412, stack(0x0000007fe0100000,0x0000007fe0200000) (1024K)]

[error occurred during error reporting (printing all threads), id 0xc0000005, EXCEPTION_ACCESS_VIOLATION (0xc0000005) at pc=0x00007ffb19fec6a7]
VM state: not at safepoint (not fully initialized)

VM Mutex/Monitor currently owned by a thread:  ([mutex/lock_event])
[0x00007ffb1a8ece68] Heap_lock - owner thread: 0x0000026b9f977630

Heap address: 0x0000000084400000, size: 1980 MB, Compressed Oops mode: 32-bit

CDS archive(s) mapped at: [0x0000000000000000-0x0000000000000000-0x0000000000000000), size 0, SharedBaseAddress: 0x0000000800000000, ArchiveRelocationMode: 1.
Narrow klass base: 0x0000000000000000, Narrow klass shift: 0, Narrow klass range: 0x0

GC Precious Log:
 CardTable entry size: 512
 Card Set container configuration: InlinePtr #cards 5 size 8 Array Of Cards #cards 12 size 40 Howl #buckets 4 coarsen threshold 1843 Howl Bitmap #cards 512 size 80 coarsen threshold 460 Card regions per heap region 1 cards per card region 2048

Heap:
 garbage-first heap   total 0K, used 0K [0x0000000084400000, 0x0000000100000000)
  region size 1024K, 0 young (0K), 0 survivors (0K)

[error occurred during error reporting (printing heap information), id 0xc0000005, EXCEPTION_ACCESS_VIOLATION (0xc0000005) at pc=0x00007ffb1a3d39f9]
GC Heap History (0 events):
No events

Dll operation events (1 events):
Event: 0.006 Loaded shared library D:\Software\Install\Java jdk\bin\java.dll

Deoptimization events (0 events):
No events

Classes loaded (0 events):
No events

Classes unloaded (0 events):
No events

Classes redefined (0 events):
No events

Internal exceptions (0 events):
No events

ZGC Phase Switch (0 events):
No events

VM Operations (0 events):
No events

Events (0 events):
No events


Dynamic libraries:
0x00007ff7ade00000 - 0x00007ff7ade10000 	D:\Software\Install\Java jdk\bin\java.exe
0x00007ffb80c10000 - 0x00007ffb80e27000 	C:\Windows\SYSTEM32\ntdll.dll
0x00007ffb7f6b0000 - 0x00007ffb7f774000 	C:\Windows\System32\KERNEL32.DLL
0x00007ffb7e5b0000 - 0x00007ffb7e956000 	C:\Windows\System32\KERNELBASE.dll
0x00007ffb7df50000 - 0x00007ffb7e061000 	C:\Windows\System32\ucrtbase.dll
0x00007ffb72640000 - 0x00007ffb7265b000 	D:\Software\Install\Java jdk\bin\VCRUNTIME140.dll
0x00007ffb626b0000 - 0x00007ffb626c9000 	D:\Software\Install\Java jdk\bin\jli.dll
0x00007ffb7f160000 - 0x00007ffb7f213000 	C:\Windows\System32\ADVAPI32.dll
0x00007ffb805e0000 - 0x00007ffb80687000 	C:\Windows\System32\msvcrt.dll
0x00007ffb7f4c0000 - 0x00007ffb7f568000 	C:\Windows\System32\sechost.dll
0x00007ffb7e130000 - 0x00007ffb7e158000 	C:\Windows\System32\bcrypt.dll
0x00007ffb7eb50000 - 0x00007ffb7ec67000 	C:\Windows\System32\RPCRT4.dll
0x00007ffb7f310000 - 0x00007ffb7f4be000 	C:\Windows\System32\USER32.dll
0x00007ffb7e580000 - 0x00007ffb7e5a6000 	C:\Windows\System32\win32u.dll
0x00007ffb7e980000 - 0x00007ffb7e9a9000 	C:\Windows\System32\GDI32.dll
0x00007ffb7e200000 - 0x00007ffb7e318000 	C:\Windows\System32\gdi32full.dll
0x00007ffb7e160000 - 0x00007ffb7e1fa000 	C:\Windows\System32\msvcp_win.dll
0x00007ffb66930000 - 0x00007ffb66bc3000 	C:\Windows\WinSxS\amd64_microsoft.windows.common-controls_6595b64144ccf1df_6.0.22621.2506_none_270c5ae97388e100\COMCTL32.dll
0x00007ffb74580000 - 0x00007ffb7458a000 	C:\Windows\SYSTEM32\VERSION.dll
0x00007ffb7e9b0000 - 0x00007ffb7e9e1000 	C:\Windows\System32\IMM32.DLL
0x00007ffb709f0000 - 0x00007ffb709fc000 	D:\Software\Install\Java jdk\bin\vcruntime140_1.dll
0x00007ffb479e0000 - 0x00007ffb47a6e000 	D:\Software\Install\Java jdk\bin\msvcp140.dll
0x00007ffb19cb0000 - 0x00007ffb1a9c7000 	D:\Software\Install\Java jdk\bin\server\jvm.dll
0x00007ffb809b0000 - 0x00007ffb80a21000 	C:\Windows\System32\WS2_32.dll
0x00007ffb7cdc0000 - 0x00007ffb7ce0d000 	C:\Windows\SYSTEM32\POWRPROF.dll
0x00007ffb73c60000 - 0x00007ffb73c94000 	C:\Windows\SYSTEM32\WINMM.dll
0x00007ffb7cda0000 - 0x00007ffb7cdb3000 	C:\Windows\SYSTEM32\UMPDC.dll
0x00007ffb7d060000 - 0x00007ffb7d078000 	C:\Windows\SYSTEM32\kernel.appcore.dll
0x00007ffb709e0000 - 0x00007ffb709ea000 	D:\Software\Install\Java jdk\bin\jimage.dll
0x00007ffb7b250000 - 0x00007ffb7b483000 	C:\Windows\SYSTEM32\DBGHELP.DLL
0x00007ffb7ec70000 - 0x00007ffb7eff9000 	C:\Windows\System32\combase.dll
0x00007ffb7ea70000 - 0x00007ffb7eb47000 	C:\Windows\System32\OLEAUT32.dll
0x00007ffb71800000 - 0x00007ffb71832000 	C:\Windows\SYSTEM32\dbgcore.DLL
0x00007ffb7e320000 - 0x00007ffb7e39a000 	C:\Windows\System32\bcryptPrimitives.dll
0x00007ffb6e7d0000 - 0x00007ffb6e7ef000 	D:\Software\Install\Java jdk\bin\java.dll

dbghelp: loaded successfully - version: 4.0.5 - missing functions: none
symbol engine: initialized successfully - sym options: 0x614 - pdb path: .;D:\Software\Install\Java jdk\bin;C:\Windows\SYSTEM32;C:\Windows\WinSxS\amd64_microsoft.windows.common-controls_6595b64144ccf1df_6.0.22621.2506_none_270c5ae97388e100;D:\Software\Install\Java jdk\bin\server

VM Arguments:
jvm_args: -Dfile.encoding=UTF-8 --module-path=C:\Users\nadee\OneDrive\Documents\NetBeansProjects\JavaApplication1\build\classes 
java_command: Home
java_class_path (initial): E:\Project\JAVA\mysql-connector-j-8.2.0.jar;E:\Project\JAVA\AbsoluteLayout.jar;C:\Users\nadee\OneDrive\Documents\NetBeansProjects\JavaApplication1\build\classes
Launcher Type: SUN_STANDARD

[Global flags]
     intx CICompilerCount                          = 4                                         {product} {ergonomic}
     uint ConcGCThreads                            = 3                                         {product} {ergonomic}
     uint G1ConcRefinementThreads                  = 10                                        {product} {ergonomic}
   size_t G1HeapRegionSize                         = 1048576                                   {product} {ergonomic}
    uintx GCDrainStackTargetSize                   = 64                                        {product} {ergonomic}
   size_t InitialHeapSize                          = 130023424                                 {product} {ergonomic}
   size_t MarkStackSize                            = 4194304                                   {product} {ergonomic}
   size_t MaxHeapSize                              = 2076180480                                {product} {ergonomic}
   size_t MinHeapDeltaBytes                        = 1048576                                   {product} {ergonomic}
   size_t MinHeapSize                              = 8388608                                   {product} {ergonomic}
    uintx NonNMethodCodeHeapSize                   = 5839372                                {pd product} {ergonomic}
    uintx NonProfiledCodeHeapSize                  = 122909434                              {pd product} {ergonomic}
    uintx ProfiledCodeHeapSize                     = 122909434                              {pd product} {ergonomic}
    uintx ReservedCodeCacheSize                    = 251658240                              {pd product} {ergonomic}
     bool SegmentedCodeCache                       = true                                      {product} {ergonomic}
   size_t SoftMaxHeapSize                          = 2076180480                             {manageable} {ergonomic}
     bool UseCompressedOops                        = true                           {product lp64_product} {ergonomic}
     bool UseG1GC                                  = true                                      {product} {ergonomic}
     bool UseLargePagesIndividualAllocation        = false                                  {pd product} {ergonomic}

Logging:
Log output configuration:
 #0: stdout all=warning uptime,level,tags foldmultilines=false
 #1: stderr all=off uptime,level,tags foldmultilines=false

Environment Variables:
PATH=C:\Program Files\Common Files\Oracle\Java\javapath;C:\Windows\system32;C:\Windows;C:\Windows\System32\Wbem;C:\Windows\System32\WindowsPowerShell\v1.0\;C:\Windows\System32\OpenSSH\;C:\Program Files\dotnet\;C:\Program Files\NVIDIA Corporation\NVIDIA NvDLISR;C:\Program Files (x86)\NVIDIA Corporation\PhysX\Common;C:\Users\nadee\AppData\Local\Microsoft\WindowsApps;;D:\Software\Install\Vscode\Microsoft VS Code\bin
USERNAME=nadee
OS=Windows_NT
PROCESSOR_IDENTIFIER=Intel64 Family 6 Model 141 Stepping 1, GenuineIntel
TMP=C:\Users\nadee\AppData\Local\Temp
TEMP=C:\Users\nadee\AppData\Local\Temp




Periodic native trim disabled

---------------  S Y S T E M  ---------------

OS:
 Windows 11 , 64 bit Build 22621 (10.0.22621.3085)
OS uptime: 4 days 22:30 hours
Hyper-V role detected

CPU: total 12 (initial active 12) (6 cores per cpu, 2 threads per core) family 6 model 141 stepping 1 microcode 0x34, cx8, cmov, fxsr, ht, mmx, 3dnowpref, sse, sse2, sse3, ssse3, sse4.1, sse4.2, popcnt, lzcnt, tsc, tscinvbit, avx, avx2, aes, erms, clmul, bmi1, bmi2, adx, avx512f, avx512dq, avx512cd, avx512bw, avx512vl, sha, fma, vzeroupper, avx512_vpopcntdq, avx512_vpclmulqdq, avx512_vaes, avx512_vnni, clflush, clflushopt, clwb, avx512_vbmi2, avx512_vbmi, hv, rdtscp, rdpid, fsrm, gfni, avx512_bitalg, f16c, cet_ibt, cet_ss, avx512_ifma
Processor Information for all 12 processors :
  Max Mhz: 2688, Current Mhz: 2688, Mhz Limit: 2688

Memory: 4k page, system-wide physical 7914M (956M free)
TotalPageFile size 24732M (AvailPageFile size 57M)
current process WorkingSet (physical memory assigned to process): 11M, peak: 11M
current process commit charge ("private bytes"): 64M, peak: 188M

vm_info: Java HotSpot(TM) 64-Bit Server VM (21.0.2+13-LTS-58) for windows-amd64 JRE (21.0.2+13-LTS-58), built on 2024-01-05T18:32:24Z by "mach5one" with MS VC++ 17.1 (VS2022)

END.
